<?xml version="1.0" encoding="UTF-8"?>
<coverage generated="1738795688629" clover="3.2.0">
  <project timestamp="1738795688629" name="All files">
    <metrics statements="12" coveredstatements="10" conditionals="2" coveredconditionals="1" methods="2" coveredmethods="1" elements="16" coveredelements="12" complexity="0" loc="12" ncloc="12" packages="1" files="1" classes="1"/>
    <file name="server.js" path="/Users/timurzeksimbaev/Desktop/Inno3Year/2 semester/DevOps/app_javascript/server.js">
      <metrics statements="12" coveredstatements="10" conditionals="2" coveredconditionals="1" methods="2" coveredmethods="1"/>
      <line num="1" count="1" type="stmt"/>
      <line num="2" count="1" type="stmt"/>
      <line num="4" count="1" type="stmt"/>
      <line num="6" count="1" type="stmt"/>
      <line num="7" count="1" type="stmt"/>
      <line num="9" count="1" type="stmt"/>
      <line num="10" count="5" type="stmt"/>
      <line num="11" count="5" type="stmt"/>
      <line num="14" count="1" type="cond" truecount="1" falsecount="1"/>
      <line num="15" count="0" type="stmt"/>
      <line num="16" count="0" type="stmt"/>
      <line num="20" count="1" type="stmt"/>
    </file>
  </project>
</coverage>
