{"/Users/timurzeksimbaev/Desktop/Inno3Year/2 semester/DevOps/app_javascript/server.js": {"path":"/Users/timurzeksimbaev/Desktop/Inno3Year/2 semester/DevOps/app_javascript/server.js","statementMap":{"0":{"start":{"line":1,"column":16},"end":{"line":1,"column":34}},"1":{"start":{"line":2,"column":15},"end":{"line":2,"column":41}},"2":{"start":{"line":4,"column":0},"end":{"line":4,"column":22}},"3":{"start":{"line":6,"column":12},"end":{"line":6,"column":21}},"4":{"start":{"line":7,"column":13},"end":{"line":7,"column":17}},"5":{"start":{"line":9,"column":0},"end":{"line":12,"column":3}},"6":{"start":{"line":10,"column":21},"end":{"line":10,"column":79}},"7":{"start":{"line":11,"column":2},"end":{"line":11,"column":67}},"8":{"start":{"line":14,"column":0},"end":{"line":18,"column":1}},"9":{"start":{"line":15,"column":4},"end":{"line":17,"column":7}},"10":{"start":{"line":16,"column":6},"end":{"line":16,"column":55}},"11":{"start":{"line":20,"column":0},"end":{"line":20,"column":21}}},"fnMap":{"0":{"name":"(anonymous_0)","decl":{"start":{"line":9,"column":13},"end":{"line":9,"column":14}},"loc":{"start":{"line":9,"column":27},"end":{"line":12,"column":1}},"line":9},"1":{"name":"(anonymous_1)","decl":{"start":{"line":15,"column":21},"end":{"line":15,"column":22}},"loc":{"start":{"line":15,"column":27},"end":{"line":17,"column":5}},"line":15}},"branchMap":{"0":{"loc":{"start":{"line":14,"column":0},"end":{"line":18,"column":1}},"type":"if","locations":[{"start":{"line":14,"column":0},"end":{"line":18,"column":1}},{"start":{},"end":{}}],"line":14}},"s":{"0":1,"1":1,"2":1,"3":1,"4":1,"5":1,"6":5,"7":5,"8":1,"9":0,"10":0,"11":1},"f":{"0":5,"1":0},"b":{"0":[0,1]},"_coverageSchema":"1a1c01bbd47fc00a2c39e90264f33305004495a9","hash":"1a269fe0ae53d950eea89b9bf36ec8e5bfc9ea46"}
}
